Arguments: 
  /usr/local/bin/node /usr/share/yarn/bin/yarn.js

PATH: 
  /home/niscolinx/.local/bin:/snap/bin:/usr/sandbox/:/usr/local/bin:/usr/bin:/bin:/usr/local/games:/usr/games:/usr/share/games:/usr/local/sbin:/usr/sbin:/sbin:/usr/local/bin:/usr/bin:/bin:/usr/local/games:/usr/games

Yarn version: 
  1.22.5

Node version: 
  14.16.0

Platform: 
  linux x64

Trace: 
  Error: getaddrinfo EAI_AGAIN registry.yarnpkg.com
      at GetAddrInfoReqWrap.onlookup [as oncomplete] (dns.js:67:26)

npm manifest: 
  {
    "name": "crt",
    "version": "0.1.0",
    "private": true,
    "dependencies": {
      "@craco/craco": "^6.1.2",
      "@types/node": "^14.11.8",
      "@types/react-router-dom": "^5.1.6",
      "animate.css": "^4.1.1",
      "framer-motion": "^4.1.17",
      "node-sass": "4.12.0",
      "postcss-cli": "^8.3.1",
      "react": "^17.0.2",
      "react-animate-on-scroll": "^2.1.5",
      "react-copy-to-clipboard": "^5.0.3",
      "react-dom": "16.8.6",
      "react-flip-move": "^3.0.4",
      "react-icons": "^4.2.0",
      "react-redux": "^7.2.1",
      "react-router": "^5.2.0",
      "react-router-dom": "^5.2.0",
      "react-scripts": "^4.0.3",
      "react-typing-effect": "^2.0.5",
      "redux": "^4.0.5",
      "redux-devtools-extension": "^2.13.8",
      "redux-thunk": "^2.3.0",
      "swr": "^0.5.6"
    },
    "devDependencies": {
      "@types/googlemaps": "3.30.19",
      "@types/markerclustererplus": "2.1.33",
      "@types/react": "16.8.13",
      "autoprefixer": "^9",
      "postcss": "^7",
      "tailwindcss": "npm:@tailwindcss/postcss7-compat"
    },
    "scripts": {
      "start": "craco start",
      "build": "craco build",
      "test": "craco test",
      "eject": "react-scripts eject",
      "install:clean": "rm -rf node_modules/ && rm -rf package-lock.json && npm install && npm start",
      "compile-sass": "node-sass src/assets/sass/light-bootstrap-dashboard-react.scss src/assets/css/light-bootstrap-dashboard-react.css",
      "minify-sass": "node-sass src/assets/sass/light-bootstrap-dashboard-react.scss src/assets/css/light-bootstrap-dashboard-react.min.css --output-style compressed",
      "map-sass": "node-sass src/assets/sass/light-bootstrap-dashboard-react.scss src/assets/css/light-bootstrap-dashboard-react.css --source-map true"
    },
    "eslintConfig": {
      "extends": [
        "react-app",
        "react-app/jest"
      ]
    },
    "browserslist": {
      "production": [
        ">0.2%",
        "not dead",
        "not op_mini all"
      ],
      "development": [
        "last 1 chrome version",
        "last 1 firefox version",
        "last 1 safari version"
      ]
    }
  }

yarn manifest: 
  No manifest

Lockfile: 
  No lockfile
